FMRadio/app/build/outputs/logs/manifest-merger-debug-report.txt
-- Merging decision tree log ---
manifest
ADDED from AndroidManifest.xml:2:1
	package
		ADDED from AndroidManifest.xml:3:7
		INJECTED from AndroidManifest.xml:0:0
		INJECTED from AndroidManifest.xml:0:0
	android:versionName
		ADDED from AndroidManifest.xml:5:7
	android:versionCode
		ADDED from AndroidManifest.xml:4:7
		INJECTED from AndroidManifest.xml:0:0
		INJECTED from AndroidManifest.xml:0:0
	xmlns:android
		ADDED from AndroidManifest.xml:2:11
application
ADDED from AndroidManifest.xml:6:5
	android:label
		ADDED from AndroidManifest.xml:6:60
	android:icon
		ADDED from AndroidManifest.xml:6:18
activity#com.mediatek.FMRadio.FMRadioActivity
ADDED from AndroidManifest.xml:7:9
	android:clearTaskOnLaunch
		ADDED from AndroidManifest.xml:11:19
	android:label
		ADDED from AndroidManifest.xml:8:19
	android:launchMode
		ADDED from AndroidManifest.xml:10:19
	android:configChanges
		ADDED from AndroidManifest.xml:9:19
	android:name
		ADDED from AndroidManifest.xml:7:19
intent-filter#android.intent.action.MAIN+android.intent.category.LAUNCHER
ADDED from AndroidManifest.xml:12:13
action#android.intent.action.MAIN
ADDED from AndroidManifest.xml:13:17
	android:name
		ADDED from AndroidManifest.xml:13:25
category#android.intent.category.LAUNCHER
ADDED from AndroidManifest.xml:14:17
	android:name
		ADDED from AndroidManifest.xml:14:27
activity#com.mediatek.FMRadio.FMRadioFavorite
ADDED from AndroidManifest.xml:17:9
	android:label
		ADDED from AndroidManifest.xml:18:19
	android:windowSoftInputMode
		ADDED from AndroidManifest.xml:20:19
	android:configChanges
		ADDED from AndroidManifest.xml:19:19
	android:name
		ADDED from AndroidManifest.xml:17:19
activity#com.mediatek.FMRadio.FMRadioEMActivity
ADDED from AndroidManifest.xml:23:9
	android:clearTaskOnLaunch
		ADDED from AndroidManifest.xml:27:19
	android:label
		ADDED from AndroidManifest.xml:24:19
	android:launchMode
		ADDED from AndroidManifest.xml:26:19
	android:configChanges
		ADDED from AndroidManifest.xml:25:19
	android:name
		ADDED from AndroidManifest.xml:23:19
intent-filter#android.intent.category.LAUNCHER+com.mediatek.FMRadio.FMRadioEMActivity
ADDED from AndroidManifest.xml:28:13
action#com.mediatek.FMRadio.FMRadioEMActivity
ADDED from AndroidManifest.xml:29:17
	android:name
		ADDED from AndroidManifest.xml:29:25
service#com.mediatek.FMRadio.FMRadioService
ADDED from AndroidManifest.xml:33:9
	android:process
		ADDED from AndroidManifest.xml:33:49
	android:name
		ADDED from AndroidManifest.xml:33:18
intent-filter#com.mediatek.FMRadio.IFMRadioService
ADDED from AndroidManifest.xml:34:13
action#com.mediatek.FMRadio.IFMRadioService
ADDED from AndroidManifest.xml:35:17
	android:name
		ADDED from AndroidManifest.xml:35:25
provider#com.mediatek.FMRadio.FMRadioContentProvider
ADDED from AndroidManifest.xml:39:9
	android:authorities
		ADDED from AndroidManifest.xml:40:4
	android:name
		ADDED from AndroidManifest.xml:39:19
uses-permission#android.permission.MODIFY_AUDIO_SETTINGS
ADDED from AndroidManifest.xml:42:2
	android:name
		ADDED from AndroidManifest.xml:43:3
uses-permission#android.permission.WAKE_LOCK
ADDED from AndroidManifest.xml:45:2
	android:name
		ADDED from AndroidManifest.xml:45:19
uses-permission#android.permission.READ_PHONE_STATE
ADDED from AndroidManifest.xml:46:2
	android:name
		ADDED from AndroidManifest.xml:46:19
uses-permission#android.permission.BLUETOOTH
ADDED from AndroidManifest.xml:47:2
	android:name
		ADDED from AndroidManifest.xml:47:19
uses-permission#android.permission.WRITE_EXTERNAL_STORAGE
ADDED from AndroidManifest.xml:48:2
	android:name
		ADDED from AndroidManifest.xml:48:19
uses-permission#android.permission.RECORD_AUDIO
ADDED from AndroidManifest.xml:49:2
	android:name
		ADDED from AndroidManifest.xml:49:19